#! /c/iverilog/bin/vvp
:ivl_version "12.0 (devel)" "(s20150603-965-g55e06db6)";
:ivl_delay_selection "TYPICAL";
:vpi_time_precision + 0;
:vpi_module "C:\iverilog\lib\ivl\system.vpi";
:vpi_module "C:\iverilog\lib\ivl\vhdl_sys.vpi";
:vpi_module "C:\iverilog\lib\ivl\vhdl_textio.vpi";
:vpi_module "C:\iverilog\lib\ivl\v2005_math.vpi";
:vpi_module "C:\iverilog\lib\ivl\va_math.vpi";
S_00000000010525e0 .scope module, "TLC_main" "TLC_main" 2 2;
 .timescale 0 0;
    .port_info 0 /INPUT 1 "clk";
    .port_info 1 /INPUT 1 "reset";
    .port_info 2 /INPUT 1 "sensor1";
    .port_info 3 /INPUT 1 "sensor2";
    .port_info 4 /INPUT 1 "peak";
    .port_info 5 /OUTPUT 2 "TL1";
    .port_info 6 /OUTPUT 2 "TL2";
    .port_info 7 /OUTPUT 2 "TL3";
    .port_info 8 /OUTPUT 2 "TL4";
    .port_info 9 /OUTPUT 2 "TL5";
    .port_info 10 /OUTPUT 2 "TL6";
v0000000001149ff0_0 .var "TL1", 1 0;
v0000000001052b70_0 .var "TL2", 1 0;
v0000000001052830_0 .var "TL3", 1 0;
v00000000010528d0_0 .var "TL4", 1 0;
v00000000010852a0_0 .var "TL5", 1 0;
v0000000001085340_0 .var "TL6", 1 0;
v00000000010853e0_0 .var/i "Timer", 31 0;
o00000000010bc8d8 .functor BUFZ 1, C4<z>; HiZ drive
v0000000001085480_0 .net "clk", 0 0, o00000000010bc8d8;  0 drivers
v0000000001085520_0 .var "f16", 0 0;
v0000000001112430_0 .var "f24", 0 0;
v00000000011124d0_0 .var "f25", 0 0;
v0000000001112570_0 .var "f35", 0 0;
v0000000001112610_0 .var "f36", 0 0;
o00000000010bc9f8 .functor BUFZ 1, C4<z>; HiZ drive
v00000000011126b0_0 .net "peak", 0 0, o00000000010bc9f8;  0 drivers
o00000000010bca28 .functor BUFZ 1, C4<z>; HiZ drive
v0000000001112750_0 .net "reset", 0 0, o00000000010bca28;  0 drivers
o00000000010bca58 .functor BUFZ 1, C4<z>; HiZ drive
v00000000011134c0_0 .net "sensor1", 0 0, o00000000010bca58;  0 drivers
o00000000010bca88 .functor BUFZ 1, C4<z>; HiZ drive
v00000000011131a0_0 .net "sensor2", 0 0, o00000000010bca88;  0 drivers
E_0000000001081c90/0 .event edge, v00000000011126b0_0, v0000000001149ff0_0, v00000000010853e0_0, v0000000001085520_0;
E_0000000001081c90/1 .event edge, v0000000001052b70_0, v0000000001112430_0, v0000000001052830_0, v0000000001112570_0;
E_0000000001081c90/2 .event edge, v00000000011134c0_0, v00000000011131a0_0, v0000000001085340_0, v00000000010528d0_0;
E_0000000001081c90/3 .event edge, v00000000010852a0_0, v0000000001112610_0, v00000000011124d0_0;
E_0000000001081c90 .event/or E_0000000001081c90/0, E_0000000001081c90/1, E_0000000001081c90/2, E_0000000001081c90/3;
E_0000000001082090 .event posedge, v0000000001085480_0;
    .scope S_00000000010525e0;
T_0 ;
    %pushi/vec4 0, 0, 32;
    %assign/vec4 v00000000010853e0_0, 0;
    %pushi/vec4 0, 0, 32;
    %assign/vec4 v00000000010853e0_0, 0;
    %pushi/vec4 0, 0, 2;
    %assign/vec4 v0000000001149ff0_0, 0;
    %pushi/vec4 2, 0, 2;
    %assign/vec4 v0000000001052b70_0, 0;
    %pushi/vec4 2, 0, 2;
    %assign/vec4 v0000000001052830_0, 0;
    %pushi/vec4 2, 0, 2;
    %assign/vec4 v00000000010528d0_0, 0;
    %pushi/vec4 2, 0, 2;
    %assign/vec4 v00000000010852a0_0, 0;
    %pushi/vec4 0, 0, 2;
    %assign/vec4 v0000000001085340_0, 0;
    %pushi/vec4 0, 0, 1;
    %assign/vec4 v0000000001085520_0, 0;
    %pushi/vec4 0, 0, 1;
    %assign/vec4 v0000000001112430_0, 0;
    %pushi/vec4 0, 0, 1;
    %assign/vec4 v0000000001112570_0, 0;
    %pushi/vec4 0, 0, 1;
    %assign/vec4 v0000000001112610_0, 0;
    %pushi/vec4 0, 0, 1;
    %assign/vec4 v00000000011124d0_0, 0;
    %end;
    .thread T_0;
    .scope S_00000000010525e0;
T_1 ;
    %wait E_0000000001082090;
    %load/vec4 v0000000001112750_0;
    %pad/u 32;
    %cmpi/e 0, 0, 32;
    %jmp/0xz  T_1.0, 4;
    %pushi/vec4 0, 0, 32;
    %assign/vec4 v00000000010853e0_0, 0;
    %pushi/vec4 0, 0, 2;
    %assign/vec4 v0000000001149ff0_0, 0;
    %pushi/vec4 2, 0, 2;
    %assign/vec4 v0000000001052b70_0, 0;
    %pushi/vec4 2, 0, 2;
    %assign/vec4 v0000000001052830_0, 0;
    %pushi/vec4 2, 0, 2;
    %assign/vec4 v00000000010528d0_0, 0;
    %pushi/vec4 2, 0, 2;
    %assign/vec4 v00000000010852a0_0, 0;
    %pushi/vec4 0, 0, 2;
    %assign/vec4 v0000000001085340_0, 0;
    %pushi/vec4 0, 0, 1;
    %assign/vec4 v0000000001085520_0, 0;
    %pushi/vec4 0, 0, 1;
    %assign/vec4 v0000000001112430_0, 0;
    %pushi/vec4 0, 0, 1;
    %assign/vec4 v0000000001112570_0, 0;
    %pushi/vec4 0, 0, 1;
    %assign/vec4 v0000000001112610_0, 0;
    %pushi/vec4 0, 0, 1;
    %assign/vec4 v00000000011124d0_0, 0;
T_1.0 ;
    %jmp T_1;
    .thread T_1;
    .scope S_00000000010525e0;
T_2 ;
    %wait E_0000000001082090;
    %load/vec4 v00000000010853e0_0;
    %addi 1, 0, 32;
    %assign/vec4 v00000000010853e0_0, 0;
    %jmp T_2;
    .thread T_2;
    .scope S_00000000010525e0;
T_3 ;
    %wait E_0000000001081c90;
    %load/vec4 v00000000011126b0_0;
    %flag_set/vec4 8;
    %jmp/0xz  T_3.0, 8;
    %load/vec4 v0000000001149ff0_0;
    %dup/vec4;
    %pushi/vec4 0, 0, 2;
    %cmp/u;
    %jmp/1 T_3.2, 6;
    %dup/vec4;
    %pushi/vec4 1, 0, 2;
    %cmp/u;
    %jmp/1 T_3.3, 6;
    %dup/vec4;
    %pushi/vec4 2, 0, 2;
    %cmp/u;
    %jmp/1 T_3.4, 6;
    %jmp T_3.5;
T_3.2 ;
    %load/vec4 v00000000010853e0_0;
    %cmpi/e 32, 0, 32;
    %jmp/0xz  T_3.6, 4;
    %pushi/vec4 0, 0, 32;
    %assign/vec4 v00000000010853e0_0, 0;
    %pushi/vec4 1, 0, 2;
    %assign/vec4 v0000000001149ff0_0, 0;
T_3.6 ;
    %jmp T_3.5;
T_3.3 ;
    %load/vec4 v00000000010853e0_0;
    %pushi/vec4 4, 0, 32;
    %cmp/e;
    %flag_get/vec4 4;
    %load/vec4 v0000000001085520_0;
    %pad/u 32;
    %pushi/vec4 0, 0, 32;
    %cmp/e;
    %flag_get/vec4 4;
    %and;
    %flag_set/vec4 8;
    %jmp/0xz  T_3.8, 8;
    %pushi/vec4 0, 0, 32;
    %assign/vec4 v00000000010853e0_0, 0;
    %pushi/vec4 2, 0, 2;
    %assign/vec4 v0000000001149ff0_0, 0;
    %pushi/vec4 1, 0, 1;
    %assign/vec4 v0000000001085520_0, 0;
T_3.8 ;
    %jmp T_3.5;
T_3.4 ;
    %load/vec4 v00000000010853e0_0;
    %pushi/vec4 4, 0, 32;
    %cmp/e;
    %flag_get/vec4 4;
    %load/vec4 v0000000001085520_0;
    %pad/u 32;
    %pushi/vec4 1, 0, 32;
    %cmp/e;
    %flag_get/vec4 4;
    %and;
    %flag_set/vec4 8;
    %jmp/0xz  T_3.10, 8;
    %pushi/vec4 0, 0, 32;
    %assign/vec4 v00000000010853e0_0, 0;
    %pushi/vec4 0, 0, 2;
    %assign/vec4 v0000000001052b70_0, 0;
    %pushi/vec4 0, 0, 1;
    %assign/vec4 v0000000001085520_0, 0;
T_3.10 ;
    %jmp T_3.5;
T_3.5 ;
    %pop/vec4 1;
    %load/vec4 v0000000001052b70_0;
    %dup/vec4;
    %pushi/vec4 0, 0, 2;
    %cmp/u;
    %jmp/1 T_3.12, 6;
    %dup/vec4;
    %pushi/vec4 1, 0, 2;
    %cmp/u;
    %jmp/1 T_3.13, 6;
    %dup/vec4;
    %pushi/vec4 2, 0, 2;
    %cmp/u;
    %jmp/1 T_3.14, 6;
    %jmp T_3.15;
T_3.12 ;
    %load/vec4 v00000000010853e0_0;
    %cmpi/e 32, 0, 32;
    %jmp/0xz  T_3.16, 4;
    %pushi/vec4 0, 0, 32;
    %assign/vec4 v00000000010853e0_0, 0;
    %pushi/vec4 1, 0, 2;
    %assign/vec4 v0000000001052b70_0, 0;
T_3.16 ;
    %jmp T_3.15;
T_3.13 ;
    %load/vec4 v00000000010853e0_0;
    %pushi/vec4 4, 0, 32;
    %cmp/e;
    %flag_get/vec4 4;
    %load/vec4 v0000000001112430_0;
    %pad/u 32;
    %pushi/vec4 0, 0, 32;
    %cmp/e;
    %flag_get/vec4 4;
    %and;
    %flag_set/vec4 8;
    %jmp/0xz  T_3.18, 8;
    %pushi/vec4 0, 0, 32;
    %assign/vec4 v00000000010853e0_0, 0;
    %pushi/vec4 2, 0, 2;
    %assign/vec4 v0000000001052b70_0, 0;
    %pushi/vec4 1, 0, 1;
    %assign/vec4 v0000000001112430_0, 0;
T_3.18 ;
    %jmp T_3.15;
T_3.14 ;
    %load/vec4 v00000000010853e0_0;
    %pushi/vec4 4, 0, 32;
    %cmp/e;
    %flag_get/vec4 4;
    %load/vec4 v0000000001112430_0;
    %pad/u 32;
    %pushi/vec4 1, 0, 32;
    %cmp/e;
    %flag_get/vec4 4;
    %and;
    %flag_set/vec4 8;
    %jmp/0xz  T_3.20, 8;
    %pushi/vec4 0, 0, 32;
    %assign/vec4 v00000000010853e0_0, 0;
    %pushi/vec4 0, 0, 2;
    %assign/vec4 v0000000001052830_0, 0;
    %pushi/vec4 0, 0, 1;
    %assign/vec4 v0000000001112430_0, 0;
T_3.20 ;
    %jmp T_3.15;
T_3.15 ;
    %pop/vec4 1;
    %load/vec4 v0000000001052830_0;
    %dup/vec4;
    %pushi/vec4 0, 0, 2;
    %cmp/u;
    %jmp/1 T_3.22, 6;
    %dup/vec4;
    %pushi/vec4 1, 0, 2;
    %cmp/u;
    %jmp/1 T_3.23, 6;
    %dup/vec4;
    %pushi/vec4 2, 0, 2;
    %cmp/u;
    %jmp/1 T_3.24, 6;
    %jmp T_3.25;
T_3.22 ;
    %load/vec4 v00000000010853e0_0;
    %cmpi/e 16, 0, 32;
    %jmp/0xz  T_3.26, 4;
    %pushi/vec4 0, 0, 32;
    %assign/vec4 v00000000010853e0_0, 0;
    %pushi/vec4 1, 0, 2;
    %assign/vec4 v0000000001052830_0, 0;
T_3.26 ;
    %jmp T_3.25;
T_3.23 ;
    %load/vec4 v00000000010853e0_0;
    %pushi/vec4 4, 0, 32;
    %cmp/e;
    %flag_get/vec4 4;
    %load/vec4 v0000000001112570_0;
    %pad/u 32;
    %pushi/vec4 0, 0, 32;
    %cmp/e;
    %flag_get/vec4 4;
    %and;
    %flag_set/vec4 8;
    %jmp/0xz  T_3.28, 8;
    %pushi/vec4 0, 0, 32;
    %assign/vec4 v00000000010853e0_0, 0;
    %pushi/vec4 2, 0, 2;
    %assign/vec4 v0000000001052830_0, 0;
    %pushi/vec4 1, 0, 1;
    %assign/vec4 v0000000001112570_0, 0;
T_3.28 ;
    %jmp T_3.25;
T_3.24 ;
    %load/vec4 v00000000010853e0_0;
    %pushi/vec4 4, 0, 32;
    %cmp/e;
    %flag_get/vec4 4;
    %load/vec4 v0000000001112570_0;
    %pad/u 32;
    %pushi/vec4 1, 0, 32;
    %cmp/e;
    %flag_get/vec4 4;
    %and;
    %flag_set/vec4 8;
    %jmp/0xz  T_3.30, 8;
    %pushi/vec4 0, 0, 32;
    %assign/vec4 v00000000010853e0_0, 0;
    %pushi/vec4 0, 0, 2;
    %assign/vec4 v0000000001149ff0_0, 0;
    %pushi/vec4 0, 0, 1;
    %assign/vec4 v0000000001112570_0, 0;
T_3.30 ;
    %jmp T_3.25;
T_3.25 ;
    %pop/vec4 1;
    %load/vec4 v0000000001149ff0_0;
    %assign/vec4 v0000000001085340_0, 0;
    %load/vec4 v0000000001052b70_0;
    %assign/vec4 v00000000010528d0_0, 0;
    %load/vec4 v0000000001052830_0;
    %assign/vec4 v00000000010852a0_0, 0;
    %jmp T_3.1;
T_3.0 ;
    %load/vec4 v00000000011134c0_0;
    %pad/u 32;
    %pushi/vec4 1, 0, 32;
    %cmp/e;
    %flag_get/vec4 4;
    %load/vec4 v00000000011131a0_0;
    %pad/u 32;
    %pushi/vec4 1, 0, 32;
    %cmp/e;
    %flag_get/vec4 4;
    %and;
    %flag_set/vec4 8;
    %jmp/0xz  T_3.32, 8;
    %load/vec4 v0000000001085340_0;
    %assign/vec4 v0000000001149ff0_0, 0;
    %load/vec4 v00000000010528d0_0;
    %assign/vec4 v0000000001052b70_0, 0;
    %load/vec4 v00000000010852a0_0;
    %assign/vec4 v0000000001052830_0, 0;
    %load/vec4 v0000000001149ff0_0;
    %dup/vec4;
    %pushi/vec4 0, 0, 2;
    %cmp/u;
    %jmp/1 T_3.34, 6;
    %dup/vec4;
    %pushi/vec4 1, 0, 2;
    %cmp/u;
    %jmp/1 T_3.35, 6;
    %dup/vec4;
    %pushi/vec4 2, 0, 2;
    %cmp/u;
    %jmp/1 T_3.36, 6;
    %jmp T_3.37;
T_3.34 ;
    %load/vec4 v00000000010853e0_0;
    %cmpi/e 16, 0, 32;
    %jmp/0xz  T_3.38, 4;
    %pushi/vec4 0, 0, 32;
    %assign/vec4 v00000000010853e0_0, 0;
    %pushi/vec4 1, 0, 2;
    %assign/vec4 v0000000001149ff0_0, 0;
T_3.38 ;
    %jmp T_3.37;
T_3.35 ;
    %load/vec4 v00000000010853e0_0;
    %pushi/vec4 4, 0, 32;
    %cmp/e;
    %flag_get/vec4 4;
    %load/vec4 v0000000001085520_0;
    %pad/u 32;
    %pushi/vec4 0, 0, 32;
    %cmp/e;
    %flag_get/vec4 4;
    %and;
    %flag_set/vec4 8;
    %jmp/0xz  T_3.40, 8;
    %pushi/vec4 0, 0, 32;
    %assign/vec4 v00000000010853e0_0, 0;
    %pushi/vec4 2, 0, 2;
    %assign/vec4 v0000000001149ff0_0, 0;
    %pushi/vec4 1, 0, 1;
    %assign/vec4 v0000000001085520_0, 0;
T_3.40 ;
    %jmp T_3.37;
T_3.36 ;
    %load/vec4 v00000000010853e0_0;
    %pushi/vec4 4, 0, 32;
    %cmp/e;
    %flag_get/vec4 4;
    %load/vec4 v0000000001085520_0;
    %pad/u 32;
    %pushi/vec4 1, 0, 32;
    %cmp/e;
    %flag_get/vec4 4;
    %and;
    %flag_set/vec4 8;
    %jmp/0xz  T_3.42, 8;
    %pushi/vec4 0, 0, 32;
    %assign/vec4 v00000000010853e0_0, 0;
    %pushi/vec4 0, 0, 2;
    %assign/vec4 v0000000001052b70_0, 0;
    %pushi/vec4 0, 0, 1;
    %assign/vec4 v0000000001085520_0, 0;
T_3.42 ;
    %jmp T_3.37;
T_3.37 ;
    %pop/vec4 1;
    %load/vec4 v0000000001052b70_0;
    %dup/vec4;
    %pushi/vec4 0, 0, 2;
    %cmp/u;
    %jmp/1 T_3.44, 6;
    %dup/vec4;
    %pushi/vec4 1, 0, 2;
    %cmp/u;
    %jmp/1 T_3.45, 6;
    %dup/vec4;
    %pushi/vec4 2, 0, 2;
    %cmp/u;
    %jmp/1 T_3.46, 6;
    %jmp T_3.47;
T_3.44 ;
    %load/vec4 v00000000010853e0_0;
    %cmpi/e 16, 0, 32;
    %jmp/0xz  T_3.48, 4;
    %pushi/vec4 0, 0, 32;
    %assign/vec4 v00000000010853e0_0, 0;
    %pushi/vec4 1, 0, 2;
    %assign/vec4 v0000000001052b70_0, 0;
T_3.48 ;
    %jmp T_3.47;
T_3.45 ;
    %load/vec4 v00000000010853e0_0;
    %pushi/vec4 4, 0, 32;
    %cmp/e;
    %flag_get/vec4 4;
    %load/vec4 v0000000001112430_0;
    %pad/u 32;
    %pushi/vec4 0, 0, 32;
    %cmp/e;
    %flag_get/vec4 4;
    %and;
    %flag_set/vec4 8;
    %jmp/0xz  T_3.50, 8;
    %pushi/vec4 0, 0, 32;
    %assign/vec4 v00000000010853e0_0, 0;
    %pushi/vec4 2, 0, 2;
    %assign/vec4 v0000000001052b70_0, 0;
    %pushi/vec4 1, 0, 1;
    %assign/vec4 v0000000001112430_0, 0;
T_3.50 ;
    %jmp T_3.47;
T_3.46 ;
    %load/vec4 v00000000010853e0_0;
    %pushi/vec4 4, 0, 32;
    %cmp/e;
    %flag_get/vec4 4;
    %load/vec4 v0000000001112430_0;
    %pad/u 32;
    %pushi/vec4 1, 0, 32;
    %cmp/e;
    %flag_get/vec4 4;
    %and;
    %flag_set/vec4 8;
    %jmp/0xz  T_3.52, 8;
    %pushi/vec4 0, 0, 32;
    %assign/vec4 v00000000010853e0_0, 0;
    %pushi/vec4 0, 0, 2;
    %assign/vec4 v0000000001052830_0, 0;
    %pushi/vec4 0, 0, 1;
    %assign/vec4 v0000000001112430_0, 0;
T_3.52 ;
    %jmp T_3.47;
T_3.47 ;
    %pop/vec4 1;
    %load/vec4 v0000000001052830_0;
    %dup/vec4;
    %pushi/vec4 0, 0, 2;
    %cmp/u;
    %jmp/1 T_3.54, 6;
    %dup/vec4;
    %pushi/vec4 1, 0, 2;
    %cmp/u;
    %jmp/1 T_3.55, 6;
    %dup/vec4;
    %pushi/vec4 2, 0, 2;
    %cmp/u;
    %jmp/1 T_3.56, 6;
    %jmp T_3.57;
T_3.54 ;
    %load/vec4 v00000000010853e0_0;
    %cmpi/e 8, 0, 32;
    %jmp/0xz  T_3.58, 4;
    %pushi/vec4 0, 0, 32;
    %assign/vec4 v00000000010853e0_0, 0;
    %pushi/vec4 1, 0, 2;
    %assign/vec4 v0000000001052830_0, 0;
T_3.58 ;
    %jmp T_3.57;
T_3.55 ;
    %load/vec4 v00000000010853e0_0;
    %pushi/vec4 4, 0, 32;
    %cmp/e;
    %flag_get/vec4 4;
    %load/vec4 v0000000001112570_0;
    %pad/u 32;
    %pushi/vec4 0, 0, 32;
    %cmp/e;
    %flag_get/vec4 4;
    %and;
    %flag_set/vec4 8;
    %jmp/0xz  T_3.60, 8;
    %pushi/vec4 0, 0, 32;
    %assign/vec4 v00000000010853e0_0, 0;
    %pushi/vec4 2, 0, 2;
    %assign/vec4 v0000000001052830_0, 0;
    %pushi/vec4 1, 0, 1;
    %assign/vec4 v0000000001112570_0, 0;
T_3.60 ;
    %jmp T_3.57;
T_3.56 ;
    %load/vec4 v00000000010853e0_0;
    %pushi/vec4 4, 0, 32;
    %cmp/e;
    %flag_get/vec4 4;
    %load/vec4 v0000000001112570_0;
    %pad/u 32;
    %pushi/vec4 1, 0, 32;
    %cmp/e;
    %flag_get/vec4 4;
    %and;
    %flag_set/vec4 8;
    %jmp/0xz  T_3.62, 8;
    %pushi/vec4 0, 0, 32;
    %assign/vec4 v00000000010853e0_0, 0;
    %pushi/vec4 0, 0, 2;
    %assign/vec4 v0000000001149ff0_0, 0;
    %pushi/vec4 0, 0, 1;
    %assign/vec4 v0000000001112570_0, 0;
T_3.62 ;
    %jmp T_3.57;
T_3.57 ;
    %pop/vec4 1;
    %jmp T_3.33;
T_3.32 ;
    %load/vec4 v00000000011134c0_0;
    %pad/u 32;
    %pushi/vec4 1, 0, 32;
    %cmp/e;
    %flag_get/vec4 4;
    %load/vec4 v00000000011131a0_0;
    %pad/u 32;
    %pushi/vec4 0, 0, 32;
    %cmp/e;
    %flag_get/vec4 4;
    %and;
    %flag_set/vec4 8;
    %jmp/0xz  T_3.64, 8;
    %load/vec4 v0000000001052b70_0;
    %assign/vec4 v00000000010528d0_0, 0;
    %load/vec4 v0000000001149ff0_0;
    %dup/vec4;
    %pushi/vec4 0, 0, 2;
    %cmp/u;
    %jmp/1 T_3.66, 6;
    %dup/vec4;
    %pushi/vec4 1, 0, 2;
    %cmp/u;
    %jmp/1 T_3.67, 6;
    %dup/vec4;
    %pushi/vec4 2, 0, 2;
    %cmp/u;
    %jmp/1 T_3.68, 6;
    %jmp T_3.69;
T_3.66 ;
    %load/vec4 v00000000010853e0_0;
    %cmpi/e 16, 0, 32;
    %jmp/0xz  T_3.70, 4;
    %pushi/vec4 0, 0, 32;
    %assign/vec4 v00000000010853e0_0, 0;
    %pushi/vec4 1, 0, 2;
    %assign/vec4 v0000000001149ff0_0, 0;
    %load/vec4 v0000000001149ff0_0;
    %assign/vec4 v0000000001085340_0, 0;
T_3.70 ;
    %jmp T_3.69;
T_3.67 ;
    %load/vec4 v00000000010853e0_0;
    %pushi/vec4 4, 0, 32;
    %cmp/e;
    %flag_get/vec4 4;
    %load/vec4 v0000000001085520_0;
    %pad/u 32;
    %pushi/vec4 0, 0, 32;
    %cmp/e;
    %flag_get/vec4 4;
    %and;
    %flag_set/vec4 8;
    %jmp/0xz  T_3.72, 8;
    %pushi/vec4 0, 0, 32;
    %assign/vec4 v00000000010853e0_0, 0;
    %pushi/vec4 2, 0, 2;
    %assign/vec4 v0000000001149ff0_0, 0;
    %load/vec4 v0000000001149ff0_0;
    %assign/vec4 v0000000001085340_0, 0;
    %pushi/vec4 1, 0, 1;
    %assign/vec4 v0000000001085520_0, 0;
T_3.72 ;
    %jmp T_3.69;
T_3.68 ;
    %load/vec4 v00000000010853e0_0;
    %pushi/vec4 4, 0, 32;
    %cmp/e;
    %flag_get/vec4 4;
    %load/vec4 v0000000001085520_0;
    %pad/u 32;
    %pushi/vec4 1, 0, 32;
    %cmp/e;
    %flag_get/vec4 4;
    %and;
    %flag_set/vec4 8;
    %jmp/0xz  T_3.74, 8;
    %pushi/vec4 0, 0, 32;
    %assign/vec4 v00000000010853e0_0, 0;
    %pushi/vec4 0, 0, 2;
    %assign/vec4 v0000000001052b70_0, 0;
    %pushi/vec4 0, 0, 1;
    %assign/vec4 v0000000001085520_0, 0;
T_3.74 ;
    %jmp T_3.69;
T_3.69 ;
    %pop/vec4 1;
    %load/vec4 v0000000001052b70_0;
    %dup/vec4;
    %pushi/vec4 0, 0, 2;
    %cmp/u;
    %jmp/1 T_3.76, 6;
    %dup/vec4;
    %pushi/vec4 1, 0, 2;
    %cmp/u;
    %jmp/1 T_3.77, 6;
    %dup/vec4;
    %pushi/vec4 2, 0, 2;
    %cmp/u;
    %jmp/1 T_3.78, 6;
    %jmp T_3.79;
T_3.76 ;
    %load/vec4 v00000000010853e0_0;
    %cmpi/e 16, 0, 32;
    %jmp/0xz  T_3.80, 4;
    %pushi/vec4 0, 0, 32;
    %assign/vec4 v00000000010853e0_0, 0;
    %pushi/vec4 1, 0, 2;
    %assign/vec4 v0000000001052b70_0, 0;
T_3.80 ;
    %jmp T_3.79;
T_3.77 ;
    %load/vec4 v00000000010853e0_0;
    %pushi/vec4 4, 0, 32;
    %cmp/e;
    %flag_get/vec4 4;
    %load/vec4 v0000000001112430_0;
    %pad/u 32;
    %pushi/vec4 0, 0, 32;
    %cmp/e;
    %flag_get/vec4 4;
    %and;
    %flag_set/vec4 8;
    %jmp/0xz  T_3.82, 8;
    %pushi/vec4 0, 0, 32;
    %assign/vec4 v00000000010853e0_0, 0;
    %pushi/vec4 2, 0, 2;
    %assign/vec4 v0000000001052b70_0, 0;
    %pushi/vec4 1, 0, 1;
    %assign/vec4 v0000000001112430_0, 0;
T_3.82 ;
    %jmp T_3.79;
T_3.78 ;
    %load/vec4 v00000000010853e0_0;
    %pushi/vec4 4, 0, 32;
    %cmp/e;
    %flag_get/vec4 4;
    %load/vec4 v0000000001112430_0;
    %pad/u 32;
    %pushi/vec4 1, 0, 32;
    %cmp/e;
    %flag_get/vec4 4;
    %and;
    %flag_set/vec4 8;
    %jmp/0xz  T_3.84, 8;
    %pushi/vec4 0, 0, 32;
    %assign/vec4 v00000000010853e0_0, 0;
    %pushi/vec4 0, 0, 2;
    %assign/vec4 v0000000001052830_0, 0;
    %pushi/vec4 0, 0, 1;
    %assign/vec4 v0000000001112430_0, 0;
    %pushi/vec4 0, 0, 2;
    %assign/vec4 v0000000001085340_0, 0;
T_3.84 ;
    %jmp T_3.79;
T_3.79 ;
    %pop/vec4 1;
    %load/vec4 v0000000001052830_0;
    %dup/vec4;
    %pushi/vec4 0, 0, 2;
    %cmp/u;
    %jmp/1 T_3.86, 6;
    %dup/vec4;
    %pushi/vec4 1, 0, 2;
    %cmp/u;
    %jmp/1 T_3.87, 6;
    %dup/vec4;
    %pushi/vec4 2, 0, 2;
    %cmp/u;
    %jmp/1 T_3.88, 6;
    %jmp T_3.89;
T_3.86 ;
    %load/vec4 v00000000010853e0_0;
    %cmpi/e 8, 0, 32;
    %jmp/0xz  T_3.90, 4;
    %pushi/vec4 0, 0, 32;
    %assign/vec4 v00000000010853e0_0, 0;
    %pushi/vec4 1, 0, 2;
    %assign/vec4 v0000000001052830_0, 0;
    %load/vec4 v0000000001052830_0;
    %assign/vec4 v0000000001085340_0, 0;
T_3.90 ;
    %jmp T_3.89;
T_3.87 ;
    %load/vec4 v00000000010853e0_0;
    %pushi/vec4 4, 0, 32;
    %cmp/e;
    %flag_get/vec4 4;
    %load/vec4 v0000000001112610_0;
    %pad/u 32;
    %pushi/vec4 0, 0, 32;
    %cmp/e;
    %flag_get/vec4 4;
    %and;
    %flag_set/vec4 8;
    %jmp/0xz  T_3.92, 8;
    %pushi/vec4 0, 0, 32;
    %assign/vec4 v00000000010853e0_0, 0;
    %pushi/vec4 2, 0, 2;
    %assign/vec4 v0000000001052830_0, 0;
    %load/vec4 v0000000001052830_0;
    %assign/vec4 v0000000001085340_0, 0;
    %pushi/vec4 1, 0, 1;
    %assign/vec4 v0000000001112610_0, 0;
T_3.92 ;
    %jmp T_3.89;
T_3.88 ;
    %load/vec4 v00000000010853e0_0;
    %pushi/vec4 4, 0, 32;
    %cmp/e;
    %flag_get/vec4 4;
    %load/vec4 v0000000001112610_0;
    %pad/u 32;
    %pushi/vec4 1, 0, 32;
    %cmp/e;
    %flag_get/vec4 4;
    %and;
    %flag_set/vec4 8;
    %jmp/0xz  T_3.94, 8;
    %pushi/vec4 0, 0, 32;
    %assign/vec4 v00000000010853e0_0, 0;
    %pushi/vec4 0, 0, 2;
    %assign/vec4 v0000000001149ff0_0, 0;
    %load/vec4 v0000000001052830_0;
    %assign/vec4 v0000000001085340_0, 0;
    %pushi/vec4 0, 0, 1;
    %assign/vec4 v0000000001112610_0, 0;
T_3.94 ;
    %jmp T_3.89;
T_3.89 ;
    %pop/vec4 1;
    %jmp T_3.65;
T_3.64 ;
    %load/vec4 v00000000011134c0_0;
    %pad/u 32;
    %pushi/vec4 0, 0, 32;
    %cmp/e;
    %flag_get/vec4 4;
    %load/vec4 v00000000011134c0_0;
    %pad/u 32;
    %pushi/vec4 1, 0, 32;
    %cmp/e;
    %flag_get/vec4 4;
    %and;
    %flag_set/vec4 8;
    %jmp/0xz  T_3.96, 8;
    %load/vec4 v0000000001149ff0_0;
    %assign/vec4 v0000000001085340_0, 0;
    %load/vec4 v0000000001149ff0_0;
    %dup/vec4;
    %pushi/vec4 0, 0, 2;
    %cmp/u;
    %jmp/1 T_3.98, 6;
    %dup/vec4;
    %pushi/vec4 1, 0, 2;
    %cmp/u;
    %jmp/1 T_3.99, 6;
    %dup/vec4;
    %pushi/vec4 2, 0, 2;
    %cmp/u;
    %jmp/1 T_3.100, 6;
    %jmp T_3.101;
T_3.98 ;
    %load/vec4 v00000000010853e0_0;
    %cmpi/e 16, 0, 32;
    %jmp/0xz  T_3.102, 4;
    %pushi/vec4 0, 0, 32;
    %assign/vec4 v00000000010853e0_0, 0;
    %pushi/vec4 1, 0, 2;
    %assign/vec4 v0000000001149ff0_0, 0;
T_3.102 ;
    %jmp T_3.101;
T_3.99 ;
    %load/vec4 v00000000010853e0_0;
    %pushi/vec4 4, 0, 32;
    %cmp/e;
    %flag_get/vec4 4;
    %load/vec4 v0000000001085520_0;
    %pad/u 32;
    %pushi/vec4 0, 0, 32;
    %cmp/e;
    %flag_get/vec4 4;
    %and;
    %flag_set/vec4 8;
    %jmp/0xz  T_3.104, 8;
    %pushi/vec4 0, 0, 32;
    %assign/vec4 v00000000010853e0_0, 0;
    %pushi/vec4 2, 0, 2;
    %assign/vec4 v0000000001149ff0_0, 0;
    %pushi/vec4 1, 0, 1;
    %assign/vec4 v0000000001085520_0, 0;
T_3.104 ;
    %jmp T_3.101;
T_3.100 ;
    %load/vec4 v00000000010853e0_0;
    %pushi/vec4 4, 0, 32;
    %cmp/e;
    %flag_get/vec4 4;
    %load/vec4 v0000000001085520_0;
    %pad/u 32;
    %pushi/vec4 1, 0, 32;
    %cmp/e;
    %flag_get/vec4 4;
    %and;
    %flag_set/vec4 8;
    %jmp/0xz  T_3.106, 8;
    %pushi/vec4 0, 0, 32;
    %assign/vec4 v00000000010853e0_0, 0;
    %pushi/vec4 0, 0, 2;
    %assign/vec4 v00000000010528d0_0, 0;
    %pushi/vec4 0, 0, 1;
    %assign/vec4 v0000000001085520_0, 0;
T_3.106 ;
    %jmp T_3.101;
T_3.101 ;
    %pop/vec4 1;
    %load/vec4 v00000000010528d0_0;
    %dup/vec4;
    %pushi/vec4 0, 0, 2;
    %cmp/u;
    %jmp/1 T_3.108, 6;
    %dup/vec4;
    %pushi/vec4 1, 0, 2;
    %cmp/u;
    %jmp/1 T_3.109, 6;
    %dup/vec4;
    %pushi/vec4 2, 0, 2;
    %cmp/u;
    %jmp/1 T_3.110, 6;
    %jmp T_3.111;
T_3.108 ;
    %load/vec4 v00000000010853e0_0;
    %cmpi/e 16, 0, 32;
    %jmp/0xz  T_3.112, 4;
    %pushi/vec4 0, 0, 32;
    %assign/vec4 v00000000010853e0_0, 0;
    %pushi/vec4 1, 0, 2;
    %store/vec4 v00000000010528d0_0, 0, 2;
    %load/vec4 v00000000010528d0_0;
    %assign/vec4 v0000000001052b70_0, 0;
T_3.112 ;
    %jmp T_3.111;
T_3.109 ;
    %load/vec4 v00000000010853e0_0;
    %pushi/vec4 4, 0, 32;
    %cmp/e;
    %flag_get/vec4 4;
    %load/vec4 v0000000001112430_0;
    %pad/u 32;
    %pushi/vec4 0, 0, 32;
    %cmp/e;
    %flag_get/vec4 4;
    %and;
    %flag_set/vec4 8;
    %jmp/0xz  T_3.114, 8;
    %pushi/vec4 0, 0, 32;
    %assign/vec4 v00000000010853e0_0, 0;
    %pushi/vec4 2, 0, 2;
    %store/vec4 v00000000010528d0_0, 0, 2;
    %load/vec4 v00000000010528d0_0;
    %assign/vec4 v0000000001052b70_0, 0;
    %pushi/vec4 1, 0, 1;
    %assign/vec4 v0000000001112430_0, 0;
T_3.114 ;
    %jmp T_3.111;
T_3.110 ;
    %load/vec4 v00000000010853e0_0;
    %pushi/vec4 4, 0, 32;
    %cmp/e;
    %flag_get/vec4 4;
    %load/vec4 v0000000001112430_0;
    %pad/u 32;
    %pushi/vec4 1, 0, 32;
    %cmp/e;
    %flag_get/vec4 4;
    %and;
    %flag_set/vec4 8;
    %jmp/0xz  T_3.116, 8;
    %pushi/vec4 0, 0, 32;
    %assign/vec4 v00000000010853e0_0, 0;
    %pushi/vec4 0, 0, 2;
    %assign/vec4 v00000000010852a0_0, 0;
    %pushi/vec4 0, 0, 1;
    %assign/vec4 v0000000001112430_0, 0;
T_3.116 ;
    %jmp T_3.111;
T_3.111 ;
    %pop/vec4 1;
    %load/vec4 v00000000010852a0_0;
    %dup/vec4;
    %pushi/vec4 0, 0, 2;
    %cmp/u;
    %jmp/1 T_3.118, 6;
    %dup/vec4;
    %pushi/vec4 1, 0, 2;
    %cmp/u;
    %jmp/1 T_3.119, 6;
    %dup/vec4;
    %pushi/vec4 2, 0, 2;
    %cmp/u;
    %jmp/1 T_3.120, 6;
    %jmp T_3.121;
T_3.118 ;
    %load/vec4 v00000000010853e0_0;
    %cmpi/e 8, 0, 32;
    %jmp/0xz  T_3.122, 4;
    %pushi/vec4 0, 0, 32;
    %assign/vec4 v00000000010853e0_0, 0;
    %pushi/vec4 1, 0, 2;
    %store/vec4 v00000000010852a0_0, 0, 2;
    %load/vec4 v00000000010852a0_0;
    %assign/vec4 v0000000001052b70_0, 0;
T_3.122 ;
    %jmp T_3.121;
T_3.119 ;
    %load/vec4 v00000000010853e0_0;
    %pushi/vec4 4, 0, 32;
    %cmp/e;
    %flag_get/vec4 4;
    %load/vec4 v00000000011124d0_0;
    %pad/u 32;
    %pushi/vec4 0, 0, 32;
    %cmp/e;
    %flag_get/vec4 4;
    %and;
    %flag_set/vec4 8;
    %jmp/0xz  T_3.124, 8;
    %pushi/vec4 0, 0, 32;
    %assign/vec4 v00000000010853e0_0, 0;
    %pushi/vec4 2, 0, 2;
    %assign/vec4 v00000000010852a0_0, 0;
    %load/vec4 v00000000010852a0_0;
    %assign/vec4 v0000000001052b70_0, 0;
    %pushi/vec4 1, 0, 1;
    %assign/vec4 v00000000011124d0_0, 0;
T_3.124 ;
    %jmp T_3.121;
T_3.120 ;
    %load/vec4 v00000000010853e0_0;
    %pushi/vec4 4, 0, 32;
    %cmp/e;
    %flag_get/vec4 4;
    %load/vec4 v00000000011124d0_0;
    %pad/u 32;
    %pushi/vec4 1, 0, 32;
    %cmp/e;
    %flag_get/vec4 4;
    %and;
    %flag_set/vec4 8;
    %jmp/0xz  T_3.126, 8;
    %pushi/vec4 0, 0, 32;
    %assign/vec4 v00000000010853e0_0, 0;
    %pushi/vec4 0, 0, 2;
    %assign/vec4 v00000000010852a0_0, 0;
    %load/vec4 v00000000010852a0_0;
    %assign/vec4 v0000000001052b70_0, 0;
    %pushi/vec4 0, 0, 1;
    %assign/vec4 v00000000011124d0_0, 0;
T_3.126 ;
    %jmp T_3.121;
T_3.121 ;
    %pop/vec4 1;
    %jmp T_3.97;
T_3.96 ;
    %load/vec4 v0000000001085340_0;
    %assign/vec4 v0000000001149ff0_0, 0;
    %load/vec4 v00000000010528d0_0;
    %assign/vec4 v0000000001052b70_0, 0;
    %load/vec4 v0000000001149ff0_0;
    %dup/vec4;
    %pushi/vec4 0, 0, 2;
    %cmp/u;
    %jmp/1 T_3.128, 6;
    %dup/vec4;
    %pushi/vec4 1, 0, 2;
    %cmp/u;
    %jmp/1 T_3.129, 6;
    %dup/vec4;
    %pushi/vec4 2, 0, 2;
    %cmp/u;
    %jmp/1 T_3.130, 6;
    %jmp T_3.131;
T_3.128 ;
    %load/vec4 v00000000010853e0_0;
    %cmpi/e 16, 0, 32;
    %jmp/0xz  T_3.132, 4;
    %pushi/vec4 0, 0, 32;
    %assign/vec4 v00000000010853e0_0, 0;
    %pushi/vec4 1, 0, 2;
    %assign/vec4 v0000000001149ff0_0, 0;
T_3.132 ;
    %jmp T_3.131;
T_3.129 ;
    %load/vec4 v00000000010853e0_0;
    %pushi/vec4 4, 0, 32;
    %cmp/e;
    %flag_get/vec4 4;
    %load/vec4 v0000000001085520_0;
    %pad/u 32;
    %pushi/vec4 0, 0, 32;
    %cmp/e;
    %flag_get/vec4 4;
    %and;
    %flag_set/vec4 8;
    %jmp/0xz  T_3.134, 8;
    %pushi/vec4 0, 0, 32;
    %assign/vec4 v00000000010853e0_0, 0;
    %pushi/vec4 2, 0, 2;
    %assign/vec4 v0000000001149ff0_0, 0;
    %pushi/vec4 1, 0, 1;
    %assign/vec4 v0000000001085520_0, 0;
T_3.134 ;
    %jmp T_3.131;
T_3.130 ;
    %load/vec4 v00000000010853e0_0;
    %pushi/vec4 4, 0, 32;
    %cmp/e;
    %flag_get/vec4 4;
    %load/vec4 v0000000001085520_0;
    %pad/u 32;
    %pushi/vec4 1, 0, 32;
    %cmp/e;
    %flag_get/vec4 4;
    %and;
    %flag_set/vec4 8;
    %jmp/0xz  T_3.136, 8;
    %pushi/vec4 0, 0, 32;
    %assign/vec4 v00000000010853e0_0, 0;
    %pushi/vec4 0, 0, 2;
    %assign/vec4 v0000000001052b70_0, 0;
    %pushi/vec4 0, 0, 1;
    %assign/vec4 v0000000001085520_0, 0;
T_3.136 ;
    %jmp T_3.131;
T_3.131 ;
    %pop/vec4 1;
    %load/vec4 v0000000001052b70_0;
    %dup/vec4;
    %pushi/vec4 0, 0, 2;
    %cmp/u;
    %jmp/1 T_3.138, 6;
    %dup/vec4;
    %pushi/vec4 1, 0, 2;
    %cmp/u;
    %jmp/1 T_3.139, 6;
    %dup/vec4;
    %pushi/vec4 2, 0, 2;
    %cmp/u;
    %jmp/1 T_3.140, 6;
    %jmp T_3.141;
T_3.138 ;
    %load/vec4 v00000000010853e0_0;
    %cmpi/e 16, 0, 32;
    %jmp/0xz  T_3.142, 4;
    %pushi/vec4 0, 0, 32;
    %assign/vec4 v00000000010853e0_0, 0;
    %pushi/vec4 1, 0, 2;
    %assign/vec4 v0000000001052b70_0, 0;
T_3.142 ;
    %jmp T_3.141;
T_3.139 ;
    %load/vec4 v00000000010853e0_0;
    %pushi/vec4 4, 0, 32;
    %cmp/e;
    %flag_get/vec4 4;
    %load/vec4 v0000000001112430_0;
    %pad/u 32;
    %pushi/vec4 0, 0, 32;
    %cmp/e;
    %flag_get/vec4 4;
    %and;
    %flag_set/vec4 8;
    %jmp/0xz  T_3.144, 8;
    %pushi/vec4 0, 0, 32;
    %assign/vec4 v00000000010853e0_0, 0;
    %pushi/vec4 2, 0, 2;
    %assign/vec4 v0000000001052b70_0, 0;
    %pushi/vec4 1, 0, 1;
    %assign/vec4 v0000000001112430_0, 0;
T_3.144 ;
    %jmp T_3.141;
T_3.140 ;
    %load/vec4 v00000000010853e0_0;
    %pushi/vec4 4, 0, 32;
    %cmp/e;
    %flag_get/vec4 4;
    %load/vec4 v0000000001112430_0;
    %pad/u 32;
    %pushi/vec4 1, 0, 32;
    %cmp/e;
    %flag_get/vec4 4;
    %and;
    %flag_set/vec4 8;
    %jmp/0xz  T_3.146, 8;
    %pushi/vec4 0, 0, 32;
    %assign/vec4 v00000000010853e0_0, 0;
    %pushi/vec4 0, 0, 2;
    %assign/vec4 v0000000001149ff0_0, 0;
    %pushi/vec4 0, 0, 1;
    %assign/vec4 v0000000001112430_0, 0;
T_3.146 ;
    %jmp T_3.141;
T_3.141 ;
    %pop/vec4 1;
T_3.97 ;
T_3.65 ;
T_3.33 ;
T_3.1 ;
    %jmp T_3;
    .thread T_3, $push;
# The file index is used to find the file name in the following table.
:file_names 3;
    "N/A";
    "<interactive>";
    "TLC_main.v";
